{"name": "Checking displaying the order number on the \"In progress\" section", "status": "failed", "statusDetails": {"message": "AssertionError: Number of created order is not displayed in \"In progress\" section\nassert '089398' == 'Все текущие заказы готовы!'\n  \n  - Все текущие заказы готовы!\n  + 089398", "trace": "self = <tests.test_feed.TestFeed object at 0x000001F1BB8B5450>, driver = <selenium.webdriver.chrome.webdriver.WebDriver (session=\"8bc32a181a74363f1e99f100043f67a0\")>, create_user = 'mwanykffxc@ya.ru', sign_in = None\ncreate_new_order_and_get_its_number = '89398'\n\n    @allure.title('Checking displaying the order number on the \"In progress\" section')\n    @allure.description('Checks that after placing an order its number is displayed on the \"In progress\" section')\n    def test_order_number_displayed_in_progress_section(self, driver, create_user, sign_in,\n                                                        create_new_order_and_get_its_number):\n        order_number = create_new_order_and_get_its_number\n        main_page = MainPage(driver)\n        main_page.click_element(Mpl.feed_button_header)\n        feed_page = FeedPage(driver)\n        feed_page.check_if_order_number_is_shown_in_progress()\n        order_number_in_progress = feed_page.get_text_element(Fpl.in_progress_number)\n>       assert f'0{order_number}' == order_number_in_progress, \\\n            'Number of created order is not displayed in \"In progress\" section'\nE       AssertionError: Number of created order is not displayed in \"In progress\" section\nE       assert '089398' == 'Все текущие заказы готовы!'\nE         \nE         - Все текущие заказы готовы!\nE         + 089398\n\ntests\\test_feed.py:69: AssertionError"}, "description": "Checks that after placing an order its number is displayed on the \"In progress\" section", "steps": [{"name": "Clicking on the specified element", "status": "passed", "parameters": [{"name": "locator", "value": "('xpath', \".//a[@href='/feed']\")"}], "start": 1719758280965, "stop": 1719758281182}, {"name": "Checking that line \"All orders are ready\" in \"In progress\" section has changed to current order number", "status": "passed", "steps": [{"name": "Checking that in certain element its text has changed", "status": "passed", "parameters": [{"name": "locator", "value": "('xpath', \".//ul[@class='OrderFeed_orderListReady__1YFem OrderFeed_orderList__cBvyi']/li\")"}, {"name": "text", "value": "'0'"}], "start": 1719758281182, "stop": 1719758282725}], "start": 1719758281182, "stop": 1719758282725}, {"name": "Returning text of the specified element", "status": "passed", "parameters": [{"name": "locator", "value": "('xpath', \".//ul[@class='OrderFeed_orderListReady__1YFem OrderFeed_orderList__cBvyi']/li\")"}], "start": 1719758282725, "stop": 1719758283251}], "parameters": [{"name": "driver", "value": "'chrome'"}], "start": 1719758280965, "stop": 1719758283251, "uuid": "2accc01d-ac3b-4b1e-bcfc-e6eaa4a519c0", "historyId": "5453b34a6537465d40e0c06650ccaf54", "testCaseId": "2ae977220c24b0623ad0320ae4a969f7", "fullName": "tests.test_feed.TestFeed#test_order_number_displayed_in_progress_section", "labels": [{"name": "parentSuite", "value": "tests"}, {"name": "suite", "value": "test_feed"}, {"name": "subSuite", "value": "TestFeed"}, {"name": "host", "value": "DESKTOP-4KK18J8"}, {"name": "thread", "value": "9588-MainThread"}, {"name": "framework", "value": "pytest"}, {"name": "language", "value": "cpython3"}, {"name": "package", "value": "tests.test_feed"}]}