{"uuid": "b713ceb7-8744-45c7-a9bf-8ddb9a0324c9", "children": ["a6c8f5fd-2f4f-47c2-9ed1-ec746967aab9"], "befores": [{"name": "sign_in", "status": "broken", "statusDetails": {"message": "selenium.common.exceptions.NoSuchWindowException: Message: no such window: target window already closed\nfrom unknown error: web view not found\n  (Session info: chrome=126.0.6478.127)\nStacktrace:\n\tGetHandleVerifier [0x00007FF6FC0CEEA2+31554]\n\t(No symbol) [0x00007FF6FC047ED9]\n\t(No symbol) [0x00007FF6FBF0872A]\n\t(No symbol) [0x00007FF6FBEDD995]\n\t(No symbol) [0x00007FF6FBF844D7]\n\t(No symbol) [0x00007FF6FBF9C051]\n\t(No symbol) [0x00007FF6FBF7CDD3]\n\t(No symbol) [0x00007FF6FBF4A33B]\n\t(No symbol) [0x00007FF6FBF4AED1]\n\tGetHandleVerifier [0x00007FF6FC3D8B1D+3217341]\n\tGetHandleVerifier [0x00007FF6FC425AE3+3532675]\n\tGetHandleVerifier [0x00007FF6FC41B0E0+3489152]\n\tGetHandleVerifier [0x00007FF6FC17E776+750614]\n\t(No symbol) [0x00007FF6FC05375F]\n\t(No symbol) [0x00007FF6FC04EB14]\n\t(No symbol) [0x00007FF6FC04ECA2]\n\t(No symbol) [0x00007FF6FC03E16F]\n\tBaseThreadInitThunk [0x00007FFFE0547344+20]\n\tRtlUserThreadStart [0x00007FFFE075CC91+33]\n\n", "trace": "  File \"C:\\Users\\Apaxuc\\PycharmProjects\\Diplom\\Diplom_3\\.venv\\Lib\\site-packages\\pluggy\\_callers.py\", line 167, in _multicall\n    teardown.throw(outcome._exception)\n  File \"C:\\Users\\Apaxuc\\PycharmProjects\\Diplom\\Diplom_3\\.venv\\Lib\\site-packages\\_pytest\\setuponly.py\", line 36, in pytest_fixture_setup\n    return (yield)\n            ^^^^^\n  File \"C:\\Users\\Apaxuc\\PycharmProjects\\Diplom\\Diplom_3\\.venv\\Lib\\site-packages\\pluggy\\_callers.py\", line 103, in _multicall\n    res = hook_impl.function(*args)\n          ^^^^^^^^^^^^^^^^^^^^^^^^^\n  File \"C:\\Users\\Apaxuc\\PycharmProjects\\Diplom\\Diplom_3\\.venv\\Lib\\site-packages\\_pytest\\fixtures.py\", line 1125, in pytest_fixture_setup\n    result = call_fixture_func(fixturefunc, request, kwargs)\n             ^^^^^^^^^^^^^^^^^^^^^^^^^^^^^^^^^^^^^^^^^^^^^^^\n  File \"C:\\Users\\Apaxuc\\PycharmProjects\\Diplom\\Diplom_3\\.venv\\Lib\\site-packages\\_pytest\\fixtures.py\", line 880, in call_fixture_func\n    fixture_result = next(generator)\n                     ^^^^^^^^^^^^^^^\n  File \"C:\\Users\\Apaxuc\\PycharmProjects\\Diplom\\Diplom_3\\tests\\conftest.py\", line 61, in sign_in\n    main_page.click_element(Mpl.account_button_header)\n  File \"C:\\Users\\Apaxuc\\PycharmProjects\\Diplom\\Diplom_3\\.venv\\Lib\\site-packages\\allure_commons\\_allure.py\", line 192, in impl\n    return func(*a, **kw)\n           ^^^^^^^^^^^^^^\n  File \"C:\\Users\\Apaxuc\\PycharmProjects\\Diplom\\Diplom_3\\pages\\base_page.py\", line 19, in click_element\n    WebDriverWait(self.driver, 10).until(ec.visibility_of_element_located(locator)).click()\n    ^^^^^^^^^^^^^^^^^^^^^^^^^^^^^^^^^^^^^^^^^^^^^^^^^^^^^^^^^^^^^^^^^^^^^^^^^^^^^^^\n  File \"C:\\Users\\Apaxuc\\PycharmProjects\\Diplom\\Diplom_3\\.venv\\Lib\\site-packages\\selenium\\webdriver\\support\\wait.py\", line 96, in until\n    value = method(self._driver)\n            ^^^^^^^^^^^^^^^^^^^^\n  File \"C:\\Users\\Apaxuc\\PycharmProjects\\Diplom\\Diplom_3\\.venv\\Lib\\site-packages\\selenium\\webdriver\\support\\expected_conditions.py\", line 156, in _predicate\n    return _element_if_visible(driver.find_element(*locator))\n                               ^^^^^^^^^^^^^^^^^^^^^^^^^^^^^\n  File \"C:\\Users\\Apaxuc\\PycharmProjects\\Diplom\\Diplom_3\\.venv\\Lib\\site-packages\\selenium\\webdriver\\remote\\webdriver.py\", line 748, in find_element\n    return self.execute(Command.FIND_ELEMENT, {\"using\": by, \"value\": value})[\"value\"]\n           ^^^^^^^^^^^^^^^^^^^^^^^^^^^^^^^^^^^^^^^^^^^^^^^^^^^^^^^^^^^^^^^^^\n  File \"C:\\Users\\Apaxuc\\PycharmProjects\\Diplom\\Diplom_3\\.venv\\Lib\\site-packages\\selenium\\webdriver\\remote\\webdriver.py\", line 354, in execute\n    self.error_handler.check_response(response)\n  File \"C:\\Users\\Apaxuc\\PycharmProjects\\Diplom\\Diplom_3\\.venv\\Lib\\site-packages\\selenium\\webdriver\\remote\\errorhandler.py\", line 229, in check_response\n    raise exception_class(message, screen, stacktrace)\n"}, "steps": [{"name": "Clicking on the specified element", "status": "broken", "statusDetails": {"message": "selenium.common.exceptions.NoSuchWindowException: Message: no such window: target window already closed\nfrom unknown error: web view not found\n  (Session info: chrome=126.0.6478.127)\nStacktrace:\n\tGetHandleVerifier [0x00007FF6FC0CEEA2+31554]\n\t(No symbol) [0x00007FF6FC047ED9]\n\t(No symbol) [0x00007FF6FBF0872A]\n\t(No symbol) [0x00007FF6FBEDD995]\n\t(No symbol) [0x00007FF6FBF844D7]\n\t(No symbol) [0x00007FF6FBF9C051]\n\t(No symbol) [0x00007FF6FBF7CDD3]\n\t(No symbol) [0x00007FF6FBF4A33B]\n\t(No symbol) [0x00007FF6FBF4AED1]\n\tGetHandleVerifier [0x00007FF6FC3D8B1D+3217341]\n\tGetHandleVerifier [0x00007FF6FC425AE3+3532675]\n\tGetHandleVerifier [0x00007FF6FC41B0E0+3489152]\n\tGetHandleVerifier [0x00007FF6FC17E776+750614]\n\t(No symbol) [0x00007FF6FC05375F]\n\t(No symbol) [0x00007FF6FC04EB14]\n\t(No symbol) [0x00007FF6FC04ECA2]\n\t(No symbol) [0x00007FF6FC03E16F]\n\tBaseThreadInitThunk [0x00007FFFE0547344+20]\n\tRtlUserThreadStart [0x00007FFFE075CC91+33]\n\n", "trace": "  File \"C:\\Users\\Apaxuc\\PycharmProjects\\Diplom\\Diplom_3\\.venv\\Lib\\site-packages\\allure_commons\\_allure.py\", line 192, in impl\n    return func(*a, **kw)\n           ^^^^^^^^^^^^^^\n  File \"C:\\Users\\Apaxuc\\PycharmProjects\\Diplom\\Diplom_3\\pages\\base_page.py\", line 19, in click_element\n    WebDriverWait(self.driver, 10).until(ec.visibility_of_element_located(locator)).click()\n    ^^^^^^^^^^^^^^^^^^^^^^^^^^^^^^^^^^^^^^^^^^^^^^^^^^^^^^^^^^^^^^^^^^^^^^^^^^^^^^^\n  File \"C:\\Users\\Apaxuc\\PycharmProjects\\Diplom\\Diplom_3\\.venv\\Lib\\site-packages\\selenium\\webdriver\\support\\wait.py\", line 96, in until\n    value = method(self._driver)\n            ^^^^^^^^^^^^^^^^^^^^\n  File \"C:\\Users\\Apaxuc\\PycharmProjects\\Diplom\\Diplom_3\\.venv\\Lib\\site-packages\\selenium\\webdriver\\support\\expected_conditions.py\", line 156, in _predicate\n    return _element_if_visible(driver.find_element(*locator))\n                               ^^^^^^^^^^^^^^^^^^^^^^^^^^^^^\n  File \"C:\\Users\\Apaxuc\\PycharmProjects\\Diplom\\Diplom_3\\.venv\\Lib\\site-packages\\selenium\\webdriver\\remote\\webdriver.py\", line 748, in find_element\n    return self.execute(Command.FIND_ELEMENT, {\"using\": by, \"value\": value})[\"value\"]\n           ^^^^^^^^^^^^^^^^^^^^^^^^^^^^^^^^^^^^^^^^^^^^^^^^^^^^^^^^^^^^^^^^^\n  File \"C:\\Users\\Apaxuc\\PycharmProjects\\Diplom\\Diplom_3\\.venv\\Lib\\site-packages\\selenium\\webdriver\\remote\\webdriver.py\", line 354, in execute\n    self.error_handler.check_response(response)\n  File \"C:\\Users\\Apaxuc\\PycharmProjects\\Diplom\\Diplom_3\\.venv\\Lib\\site-packages\\selenium\\webdriver\\remote\\errorhandler.py\", line 229, in check_response\n    raise exception_class(message, screen, stacktrace)\n"}, "parameters": [{"name": "locator", "value": "('xpath', \".//a[@href='/account']\")"}], "start": 1719767667533, "stop": 1719767667533}], "start": 1719767667532, "stop": 1719767667534}], "start": 1719767667532, "stop": 1719767667572}