{"name": "Checking the exit from account ", "status": "broken", "statusDetails": {"message": "selenium.common.exceptions.TimeoutException: Message: \nStacktrace:\n\tGetHandleVerifier [0x00007FF607E6EEA2+31554]\n\t(No symbol) [0x00007FF607DE7ED9]\n\t(No symbol) [0x00007FF607CA872A]\n\t(No symbol) [0x00007FF607CF8434]\n\t(No symbol) [0x00007FF607CF853C]\n\t(No symbol) [0x00007FF607D3F6A7]\n\t(No symbol) [0x00007FF607D1D06F]\n\t(No symbol) [0x00007FF607D3C977]\n\t(No symbol) [0x00007FF607D1CDD3]\n\t(No symbol) [0x00007FF607CEA33B]\n\t(No symbol) [0x00007FF607CEAED1]\n\tGetHandleVerifier [0x00007FF608178B1D+3217341]\n\tGetHandleVerifier [0x00007FF6081C5AE3+3532675]\n\tGetHandleVerifier [0x00007FF6081BB0E0+3489152]\n\tGetHandleVerifier [0x00007FF607F1E776+750614]\n\t(No symbol) [0x00007FF607DF375F]\n\t(No symbol) [0x00007FF607DEEB14]\n\t(No symbol) [0x00007FF607DEECA2]\n\t(No symbol) [0x00007FF607DDE16F]\n\tBaseThreadInitThunk [0x00007FFE50F07344+20]\n\tRtlUserThreadStart [0x00007FFE51D9CC91+33]", "trace": "self = <tests.test_account.TestAccount object at 0x0000021A9FBFD710>, driver = <selenium.webdriver.chrome.webdriver.WebDriver (session=\"de68bdba250dae49b0a332a89d1eb559\")>, create_user = 'vmhksqzcjt@ya.ru', sign_in = None\n\n    @allure.title('Checking the exit from account ')\n    @allure.description('Checks that clicking on the \"Exit\" button in the Profile leads to logout')\n    def test_click_on_exit_url_logs_out_from_account(self, driver, create_user, sign_in):\n        main_page = MainPage(driver)\n        main_page.click_element(Mpl.account_button_header)\n        profile_page = ProfilePage(driver)\n>       profile_page.click_element(Ppl.exit_button)\n\ntests\\test_account.py:38: \n_ _ _ _ _ _ _ _ _ _ _ _ _ _ _ _ _ _ _ _ _ _ _ _ _ _ _ _ _ _ _ _ _ _ _ _ _ _ _ _ _ _ _ _ _ _ _ _ _ _ _ _ _ _ _ _ _ _ _ _ _ _ _ _ _ _ _ _ _ _ _ _ _ _ _ _ _ _ _ _ _ _ _ _ _ _ _ _ _ _ _ _ _ _ _ _ _ _ _ _ _ _ _ _ _ _ _ _ _ _ _ _ _ _ _ _\npages\\base_page.py:19: in click_element\n    WebDriverWait(self.driver, 10).until(ec.visibility_of_element_located(locator)).click()\n_ _ _ _ _ _ _ _ _ _ _ _ _ _ _ _ _ _ _ _ _ _ _ _ _ _ _ _ _ _ _ _ _ _ _ _ _ _ _ _ _ _ _ _ _ _ _ _ _ _ _ _ _ _ _ _ _ _ _ _ _ _ _ _ _ _ _ _ _ _ _ _ _ _ _ _ _ _ _ _ _ _ _ _ _ _ _ _ _ _ _ _ _ _ _ _ _ _ _ _ _ _ _ _ _ _ _ _ _ _ _ _ _ _ _ _\n\nself = <selenium.webdriver.support.wait.WebDriverWait (session=\"de68bdba250dae49b0a332a89d1eb559\")>, method = <function visibility_of_element_located.<locals>._predicate at 0x0000021A9FBEEE80>, message = ''\n\n    def until(self, method: Callable[[D], Union[Literal[False], T]], message: str = \"\") -> T:\n        \"\"\"Calls the method provided with the driver as an argument until the \\\n        return value does not evaluate to ``False``.\n    \n        :param method: callable(WebDriver)\n        :param message: optional message for :exc:`TimeoutException`\n        :returns: the result of the last call to `method`\n        :raises: :exc:`selenium.common.exceptions.TimeoutException` if timeout occurs\n        \"\"\"\n        screen = None\n        stacktrace = None\n    \n        end_time = time.monotonic() + self._timeout\n        while True:\n            try:\n                value = method(self._driver)\n                if value:\n                    return value\n            except self._ignored_exceptions as exc:\n                screen = getattr(exc, \"screen\", None)\n                stacktrace = getattr(exc, \"stacktrace\", None)\n            time.sleep(self._poll)\n            if time.monotonic() > end_time:\n                break\n>       raise TimeoutException(message, screen, stacktrace)\nE       selenium.common.exceptions.TimeoutException: Message: \nE       Stacktrace:\nE       \tGetHandleVerifier [0x00007FF607E6EEA2+31554]\nE       \t(No symbol) [0x00007FF607DE7ED9]\nE       \t(No symbol) [0x00007FF607CA872A]\nE       \t(No symbol) [0x00007FF607CF8434]\nE       \t(No symbol) [0x00007FF607CF853C]\nE       \t(No symbol) [0x00007FF607D3F6A7]\nE       \t(No symbol) [0x00007FF607D1D06F]\nE       \t(No symbol) [0x00007FF607D3C977]\nE       \t(No symbol) [0x00007FF607D1CDD3]\nE       \t(No symbol) [0x00007FF607CEA33B]\nE       \t(No symbol) [0x00007FF607CEAED1]\nE       \tGetHandleVerifier [0x00007FF608178B1D+3217341]\nE       \tGetHandleVerifier [0x00007FF6081C5AE3+3532675]\nE       \tGetHandleVerifier [0x00007FF6081BB0E0+3489152]\nE       \tGetHandleVerifier [0x00007FF607F1E776+750614]\nE       \t(No symbol) [0x00007FF607DF375F]\nE       \t(No symbol) [0x00007FF607DEEB14]\nE       \t(No symbol) [0x00007FF607DEECA2]\nE       \t(No symbol) [0x00007FF607DDE16F]\nE       \tBaseThreadInitThunk [0x00007FFE50F07344+20]\nE       \tRtlUserThreadStart [0x00007FFE51D9CC91+33]\n\n.venv\\Lib\\site-packages\\selenium\\webdriver\\support\\wait.py:105: TimeoutException"}, "description": "Checks that clicking on the \"Exit\" button in the Profile leads to logout", "steps": [{"name": "Clicking on the specified element", "status": "passed", "parameters": [{"name": "locator", "value": "('xpath', \".//a[@href='/account']\")"}], "start": 1719758705018, "stop": 1719758705045}, {"name": "Clicking on the specified element", "status": "broken", "statusDetails": {"message": "selenium.common.exceptions.TimeoutException: Message: \nStacktrace:\n\tGetHandleVerifier [0x00007FF607E6EEA2+31554]\n\t(No symbol) [0x00007FF607DE7ED9]\n\t(No symbol) [0x00007FF607CA872A]\n\t(No symbol) [0x00007FF607CF8434]\n\t(No symbol) [0x00007FF607CF853C]\n\t(No symbol) [0x00007FF607D3F6A7]\n\t(No symbol) [0x00007FF607D1D06F]\n\t(No symbol) [0x00007FF607D3C977]\n\t(No symbol) [0x00007FF607D1CDD3]\n\t(No symbol) [0x00007FF607CEA33B]\n\t(No symbol) [0x00007FF607CEAED1]\n\tGetHandleVerifier [0x00007FF608178B1D+3217341]\n\tGetHandleVerifier [0x00007FF6081C5AE3+3532675]\n\tGetHandleVerifier [0x00007FF6081BB0E0+3489152]\n\tGetHandleVerifier [0x00007FF607F1E776+750614]\n\t(No symbol) [0x00007FF607DF375F]\n\t(No symbol) [0x00007FF607DEEB14]\n\t(No symbol) [0x00007FF607DEECA2]\n\t(No symbol) [0x00007FF607DDE16F]\n\tBaseThreadInitThunk [0x00007FFE50F07344+20]\n\tRtlUserThreadStart [0x00007FFE51D9CC91+33]\n\n", "trace": "  File \"C:\\Users\\Apaxuc\\PycharmProjects\\Diplom\\Diplom_3\\.venv\\Lib\\site-packages\\allure_commons\\_allure.py\", line 192, in impl\n    return func(*a, **kw)\n           ^^^^^^^^^^^^^^\n  File \"C:\\Users\\Apaxuc\\PycharmProjects\\Diplom\\Diplom_3\\pages\\base_page.py\", line 19, in click_element\n    WebDriverWait(self.driver, 10).until(ec.visibility_of_element_located(locator)).click()\n    ^^^^^^^^^^^^^^^^^^^^^^^^^^^^^^^^^^^^^^^^^^^^^^^^^^^^^^^^^^^^^^^^^^^^^^^^^^^^^^^\n  File \"C:\\Users\\Apaxuc\\PycharmProjects\\Diplom\\Diplom_3\\.venv\\Lib\\site-packages\\selenium\\webdriver\\support\\wait.py\", line 105, in until\n    raise TimeoutException(message, screen, stacktrace)\n"}, "parameters": [{"name": "locator", "value": "('xpath', \".//button[text()='Выход']\")"}], "start": 1719758705045, "stop": 1719758715185}], "parameters": [{"name": "driver", "value": "'chrome'"}], "start": 1719758705017, "stop": 1719758715186, "uuid": "6406243d-1eeb-4250-9114-25e6a02980e2", "historyId": "090bc7cd658e3205771106c4e0ec5444", "testCaseId": "f2285d61a118b9a901750777547a90e4", "fullName": "tests.test_account.TestAccount#test_click_on_exit_url_logs_out_from_account", "labels": [{"name": "parentSuite", "value": "tests"}, {"name": "suite", "value": "test_account"}, {"name": "subSuite", "value": "TestAccount"}, {"name": "host", "value": "DESKTOP-4KK18J8"}, {"name": "thread", "value": "4284-MainThread"}, {"name": "framework", "value": "pytest"}, {"name": "language", "value": "cpython3"}, {"name": "package", "value": "tests.test_account"}]}