{"name": "Checking the opening of the order details pop-up window", "status": "broken", "statusDetails": {"message": "selenium.common.exceptions.TimeoutException: Message: \nStacktrace:\n\tGetHandleVerifier [0x00007FF6FC0CEEA2+31554]\n\t(No symbol) [0x00007FF6FC047ED9]\n\t(No symbol) [0x00007FF6FBF0872A]\n\t(No symbol) [0x00007FF6FBF58434]\n\t(No symbol) [0x00007FF6FBF5853C]\n\t(No symbol) [0x00007FF6FBF9F6A7]\n\t(No symbol) [0x00007FF6FBF7D06F]\n\t(No symbol) [0x00007FF6FBF9C977]\n\t(No symbol) [0x00007FF6FBF7CDD3]\n\t(No symbol) [0x00007FF6FBF4A33B]\n\t(No symbol) [0x00007FF6FBF4AED1]\n\tGetHandleVerifier [0x00007FF6FC3D8B1D+3217341]\n\tGetHandleVerifier [0x00007FF6FC425AE3+3532675]\n\tGetHandleVerifier [0x00007FF6FC41B0E0+3489152]\n\tGetHandleVerifier [0x00007FF6FC17E776+750614]\n\t(No symbol) [0x00007FF6FC05375F]\n\t(No symbol) [0x00007FF6FC04EB14]\n\t(No symbol) [0x00007FF6FC04ECA2]\n\t(No symbol) [0x00007FF6FC03E16F]\n\tBaseThreadInitThunk [0x00007FFFE0547344+20]\n\tRtlUserThreadStart [0x00007FFFE075CC91+33]", "trace": "self = <tests.test_feed.TestFeed object at 0x000002084EA1B950>, driver = <selenium.webdriver.chrome.webdriver.WebDriver (session=\"3684d4f3d7def889205165d6c12812f2\")>, create_user = 'jcwrecduds@ya.ru', sign_in = None\ncreate_new_order_and_get_its_number = '9999'\n\n    @allure.title('Checking the opening of the order details pop-up window')\n    @allure.description('Checks that clicking on the order opens order details pop-up window')\n    def test_click_on_order_opens_details_popup_window(self, driver, create_user, sign_in,\n                                                       create_new_order_and_get_its_number):\n        main_page = MainPage(driver)\n        main_page.click_element(Mpl.feed_button_header)\n        feed_page = FeedPage(driver)\n        order_number = create_new_order_and_get_its_number\n>       feed_page.click_on_created_order(order_number)\n\ntests\\test_feed.py:27: \n_ _ _ _ _ _ _ _ _ _ _ _ _ _ _ _ _ _ _ _ _ _ _ _ _ _ _ _ _ _ _ _ _ _ _ _ _ _ _ _ _ _ _ _ _ _ _ _ _ _ _ _ _ _ _ _ _ _ _ _ _ _ _ _ _ _ _ _ _ _ _ _ _ _ _ _ _ _ _ _ _ _ _ _ _ _ _ _ _ _ _ _ _ _ _ _ _ _ _ _ _ _ _ _ _ _ _ _ _ _ _ _ _ _ _ _\npages\\feed_page.py:19: in click_on_created_order\n    Wait(self.driver, timeout=10).until(ec.visibility_of_element_located(locator)).click()\n_ _ _ _ _ _ _ _ _ _ _ _ _ _ _ _ _ _ _ _ _ _ _ _ _ _ _ _ _ _ _ _ _ _ _ _ _ _ _ _ _ _ _ _ _ _ _ _ _ _ _ _ _ _ _ _ _ _ _ _ _ _ _ _ _ _ _ _ _ _ _ _ _ _ _ _ _ _ _ _ _ _ _ _ _ _ _ _ _ _ _ _ _ _ _ _ _ _ _ _ _ _ _ _ _ _ _ _ _ _ _ _ _ _ _ _\n\nself = <selenium.webdriver.support.wait.WebDriverWait (session=\"3684d4f3d7def889205165d6c12812f2\")>, method = <function visibility_of_element_located.<locals>._predicate at 0x000002084BA56520>, message = ''\n\n    def until(self, method: Callable[[D], Union[Literal[False], T]], message: str = \"\") -> T:\n        \"\"\"Calls the method provided with the driver as an argument until the \\\n        return value does not evaluate to ``False``.\n    \n        :param method: callable(WebDriver)\n        :param message: optional message for :exc:`TimeoutException`\n        :returns: the result of the last call to `method`\n        :raises: :exc:`selenium.common.exceptions.TimeoutException` if timeout occurs\n        \"\"\"\n        screen = None\n        stacktrace = None\n    \n        end_time = time.monotonic() + self._timeout\n        while True:\n            try:\n                value = method(self._driver)\n                if value:\n                    return value\n            except self._ignored_exceptions as exc:\n                screen = getattr(exc, \"screen\", None)\n                stacktrace = getattr(exc, \"stacktrace\", None)\n            time.sleep(self._poll)\n            if time.monotonic() > end_time:\n                break\n>       raise TimeoutException(message, screen, stacktrace)\nE       selenium.common.exceptions.TimeoutException: Message: \nE       Stacktrace:\nE       \tGetHandleVerifier [0x00007FF6FC0CEEA2+31554]\nE       \t(No symbol) [0x00007FF6FC047ED9]\nE       \t(No symbol) [0x00007FF6FBF0872A]\nE       \t(No symbol) [0x00007FF6FBF58434]\nE       \t(No symbol) [0x00007FF6FBF5853C]\nE       \t(No symbol) [0x00007FF6FBF9F6A7]\nE       \t(No symbol) [0x00007FF6FBF7D06F]\nE       \t(No symbol) [0x00007FF6FBF9C977]\nE       \t(No symbol) [0x00007FF6FBF7CDD3]\nE       \t(No symbol) [0x00007FF6FBF4A33B]\nE       \t(No symbol) [0x00007FF6FBF4AED1]\nE       \tGetHandleVerifier [0x00007FF6FC3D8B1D+3217341]\nE       \tGetHandleVerifier [0x00007FF6FC425AE3+3532675]\nE       \tGetHandleVerifier [0x00007FF6FC41B0E0+3489152]\nE       \tGetHandleVerifier [0x00007FF6FC17E776+750614]\nE       \t(No symbol) [0x00007FF6FC05375F]\nE       \t(No symbol) [0x00007FF6FC04EB14]\nE       \t(No symbol) [0x00007FF6FC04ECA2]\nE       \t(No symbol) [0x00007FF6FC03E16F]\nE       \tBaseThreadInitThunk [0x00007FFFE0547344+20]\nE       \tRtlUserThreadStart [0x00007FFFE075CC91+33]\n\n.venv\\Lib\\site-packages\\selenium\\webdriver\\support\\wait.py:105: TimeoutException"}, "description": "Checks that clicking on the order opens order details pop-up window", "steps": [{"name": "Clicking on the specified element", "status": "passed", "parameters": [{"name": "locator", "value": "('xpath', \".//a[@href='/feed']\")"}], "start": 1719767651102, "stop": 1719767651336}, {"name": "Clicking on the specified order number", "status": "broken", "statusDetails": {"message": "selenium.common.exceptions.TimeoutException: Message: \nStacktrace:\n\tGetHandleVerifier [0x00007FF6FC0CEEA2+31554]\n\t(No symbol) [0x00007FF6FC047ED9]\n\t(No symbol) [0x00007FF6FBF0872A]\n\t(No symbol) [0x00007FF6FBF58434]\n\t(No symbol) [0x00007FF6FBF5853C]\n\t(No symbol) [0x00007FF6FBF9F6A7]\n\t(No symbol) [0x00007FF6FBF7D06F]\n\t(No symbol) [0x00007FF6FBF9C977]\n\t(No symbol) [0x00007FF6FBF7CDD3]\n\t(No symbol) [0x00007FF6FBF4A33B]\n\t(No symbol) [0x00007FF6FBF4AED1]\n\tGetHandleVerifier [0x00007FF6FC3D8B1D+3217341]\n\tGetHandleVerifier [0x00007FF6FC425AE3+3532675]\n\tGetHandleVerifier [0x00007FF6FC41B0E0+3489152]\n\tGetHandleVerifier [0x00007FF6FC17E776+750614]\n\t(No symbol) [0x00007FF6FC05375F]\n\t(No symbol) [0x00007FF6FC04EB14]\n\t(No symbol) [0x00007FF6FC04ECA2]\n\t(No symbol) [0x00007FF6FC03E16F]\n\tBaseThreadInitThunk [0x00007FFFE0547344+20]\n\tRtlUserThreadStart [0x00007FFFE075CC91+33]\n\n", "trace": "  File \"C:\\Users\\Apaxuc\\PycharmProjects\\Diplom\\Diplom_3\\.venv\\Lib\\site-packages\\allure_commons\\_allure.py\", line 192, in impl\n    return func(*a, **kw)\n           ^^^^^^^^^^^^^^\n  File \"C:\\Users\\Apaxuc\\PycharmProjects\\Diplom\\Diplom_3\\pages\\feed_page.py\", line 19, in click_on_created_order\n    Wait(self.driver, timeout=10).until(ec.visibility_of_element_located(locator)).click()\n    ^^^^^^^^^^^^^^^^^^^^^^^^^^^^^^^^^^^^^^^^^^^^^^^^^^^^^^^^^^^^^^^^^^^^^^^^^^^^^^\n  File \"C:\\Users\\Apaxuc\\PycharmProjects\\Diplom\\Diplom_3\\.venv\\Lib\\site-packages\\selenium\\webdriver\\support\\wait.py\", line 105, in until\n    raise TimeoutException(message, screen, stacktrace)\n"}, "parameters": [{"name": "order_number", "value": "'9999'"}], "start": 1719767651336, "stop": 1719767661473}], "parameters": [{"name": "driver", "value": "'chrome'"}], "start": 1719767651102, "stop": 1719767661473, "uuid": "1b3faeac-f36a-40da-afa6-d0e937df5a0b", "historyId": "2572fdc309174014f75203d7844e47a6", "testCaseId": "cb4e3a46d5f944310088c750ba6ba46f", "fullName": "tests.test_feed.TestFeed#test_click_on_order_opens_details_popup_window", "labels": [{"name": "parentSuite", "value": "tests"}, {"name": "suite", "value": "test_feed"}, {"name": "subSuite", "value": "TestFeed"}, {"name": "host", "value": "DESKTOP-4KK18J8"}, {"name": "thread", "value": "26148-MainThread"}, {"name": "framework", "value": "pytest"}, {"name": "language", "value": "cpython3"}, {"name": "package", "value": "tests.test_feed"}]}