{"name": "Checking the exit from account ", "status": "broken", "statusDetails": {"message": "selenium.common.exceptions.TimeoutException: Message: \nStacktrace:\n\tGetHandleVerifier [0x00007FF6FC0CEEA2+31554]\n\t(No symbol) [0x00007FF6FC047ED9]\n\t(No symbol) [0x00007FF6FBF0872A]\n\t(No symbol) [0x00007FF6FBF58434]\n\t(No symbol) [0x00007FF6FBF5853C]\n\t(No symbol) [0x00007FF6FBF9F6A7]\n\t(No symbol) [0x00007FF6FBF7D06F]\n\t(No symbol) [0x00007FF6FBF9C977]\n\t(No symbol) [0x00007FF6FBF7CDD3]\n\t(No symbol) [0x00007FF6FBF4A33B]\n\t(No symbol) [0x00007FF6FBF4AED1]\n\tGetHandleVerifier [0x00007FF6FC3D8B1D+3217341]\n\tGetHandleVerifier [0x00007FF6FC425AE3+3532675]\n\tGetHandleVerifier [0x00007FF6FC41B0E0+3489152]\n\tGetHandleVerifier [0x00007FF6FC17E776+750614]\n\t(No symbol) [0x00007FF6FC05375F]\n\t(No symbol) [0x00007FF6FC04EB14]\n\t(No symbol) [0x00007FF6FC04ECA2]\n\t(No symbol) [0x00007FF6FC03E16F]\n\tBaseThreadInitThunk [0x00007FFFE0547344+20]\n\tRtlUserThreadStart [0x00007FFFE075CC91+33]", "trace": "self = <tests.test_account.TestAccount object at 0x000001AC39599AD0>, driver = <selenium.webdriver.chrome.webdriver.WebDriver (session=\"c1561bf089194a773c90bffa941f762a\")>, create_user = 'vvdxbtnwoz@ya.ru', sign_in = None\n\n    @allure.title('Checking the exit from account ')\n    @allure.description('Checks that clicking on the \"Exit\" button in the Profile leads to logout')\n    def test_click_on_exit_url_logs_out_from_account(self, driver, create_user, sign_in):\n        main_page = MainPage(driver)\n        main_page.click_element(Mpl.account_button_header)\n        profile_page = ProfilePage(driver)\n>       profile_page.click_element(Ppl.exit_button)\n\ntests\\test_account.py:38: \n_ _ _ _ _ _ _ _ _ _ _ _ _ _ _ _ _ _ _ _ _ _ _ _ _ _ _ _ _ _ _ _ _ _ _ _ _ _ _ _ _ _ _ _ _ _ _ _ _ _ _ _ _ _ _ _ _ _ _ _ _ _ _ _ _ _ _ _ _ _ _ _ _ _ _ _ _ _ _ _ _ _ _ _ _ _ _ _ _ _ _ _ _ _ _ _ _ _ _ _ _ _ _ _ _ _ _ _ _ _ _ _ _ _ _ _\npages\\base_page.py:19: in click_element\n    WebDriverWait(self.driver, 10).until(ec.visibility_of_element_located(locator)).click()\n_ _ _ _ _ _ _ _ _ _ _ _ _ _ _ _ _ _ _ _ _ _ _ _ _ _ _ _ _ _ _ _ _ _ _ _ _ _ _ _ _ _ _ _ _ _ _ _ _ _ _ _ _ _ _ _ _ _ _ _ _ _ _ _ _ _ _ _ _ _ _ _ _ _ _ _ _ _ _ _ _ _ _ _ _ _ _ _ _ _ _ _ _ _ _ _ _ _ _ _ _ _ _ _ _ _ _ _ _ _ _ _ _ _ _ _\n\nself = <selenium.webdriver.support.wait.WebDriverWait (session=\"c1561bf089194a773c90bffa941f762a\")>, method = <function visibility_of_element_located.<locals>._predicate at 0x000001AC3958B1A0>, message = ''\n\n    def until(self, method: Callable[[D], Union[Literal[False], T]], message: str = \"\") -> T:\n        \"\"\"Calls the method provided with the driver as an argument until the \\\n        return value does not evaluate to ``False``.\n    \n        :param method: callable(WebDriver)\n        :param message: optional message for :exc:`TimeoutException`\n        :returns: the result of the last call to `method`\n        :raises: :exc:`selenium.common.exceptions.TimeoutException` if timeout occurs\n        \"\"\"\n        screen = None\n        stacktrace = None\n    \n        end_time = time.monotonic() + self._timeout\n        while True:\n            try:\n                value = method(self._driver)\n                if value:\n                    return value\n            except self._ignored_exceptions as exc:\n                screen = getattr(exc, \"screen\", None)\n                stacktrace = getattr(exc, \"stacktrace\", None)\n            time.sleep(self._poll)\n            if time.monotonic() > end_time:\n                break\n>       raise TimeoutException(message, screen, stacktrace)\nE       selenium.common.exceptions.TimeoutException: Message: \nE       Stacktrace:\nE       \tGetHandleVerifier [0x00007FF6FC0CEEA2+31554]\nE       \t(No symbol) [0x00007FF6FC047ED9]\nE       \t(No symbol) [0x00007FF6FBF0872A]\nE       \t(No symbol) [0x00007FF6FBF58434]\nE       \t(No symbol) [0x00007FF6FBF5853C]\nE       \t(No symbol) [0x00007FF6FBF9F6A7]\nE       \t(No symbol) [0x00007FF6FBF7D06F]\nE       \t(No symbol) [0x00007FF6FBF9C977]\nE       \t(No symbol) [0x00007FF6FBF7CDD3]\nE       \t(No symbol) [0x00007FF6FBF4A33B]\nE       \t(No symbol) [0x00007FF6FBF4AED1]\nE       \tGetHandleVerifier [0x00007FF6FC3D8B1D+3217341]\nE       \tGetHandleVerifier [0x00007FF6FC425AE3+3532675]\nE       \tGetHandleVerifier [0x00007FF6FC41B0E0+3489152]\nE       \tGetHandleVerifier [0x00007FF6FC17E776+750614]\nE       \t(No symbol) [0x00007FF6FC05375F]\nE       \t(No symbol) [0x00007FF6FC04EB14]\nE       \t(No symbol) [0x00007FF6FC04ECA2]\nE       \t(No symbol) [0x00007FF6FC03E16F]\nE       \tBaseThreadInitThunk [0x00007FFFE0547344+20]\nE       \tRtlUserThreadStart [0x00007FFFE075CC91+33]\n\n.venv\\Lib\\site-packages\\selenium\\webdriver\\support\\wait.py:105: TimeoutException"}, "description": "Checks that clicking on the \"Exit\" button in the Profile leads to logout", "steps": [{"name": "Clicking on the specified element", "status": "passed", "parameters": [{"name": "locator", "value": "('xpath', \".//a[@href='/account']\")"}], "start": 1719761299532, "stop": 1719761299556}, {"name": "Clicking on the specified element", "status": "broken", "statusDetails": {"message": "selenium.common.exceptions.TimeoutException: Message: \nStacktrace:\n\tGetHandleVerifier [0x00007FF6FC0CEEA2+31554]\n\t(No symbol) [0x00007FF6FC047ED9]\n\t(No symbol) [0x00007FF6FBF0872A]\n\t(No symbol) [0x00007FF6FBF58434]\n\t(No symbol) [0x00007FF6FBF5853C]\n\t(No symbol) [0x00007FF6FBF9F6A7]\n\t(No symbol) [0x00007FF6FBF7D06F]\n\t(No symbol) [0x00007FF6FBF9C977]\n\t(No symbol) [0x00007FF6FBF7CDD3]\n\t(No symbol) [0x00007FF6FBF4A33B]\n\t(No symbol) [0x00007FF6FBF4AED1]\n\tGetHandleVerifier [0x00007FF6FC3D8B1D+3217341]\n\tGetHandleVerifier [0x00007FF6FC425AE3+3532675]\n\tGetHandleVerifier [0x00007FF6FC41B0E0+3489152]\n\tGetHandleVerifier [0x00007FF6FC17E776+750614]\n\t(No symbol) [0x00007FF6FC05375F]\n\t(No symbol) [0x00007FF6FC04EB14]\n\t(No symbol) [0x00007FF6FC04ECA2]\n\t(No symbol) [0x00007FF6FC03E16F]\n\tBaseThreadInitThunk [0x00007FFFE0547344+20]\n\tRtlUserThreadStart [0x00007FFFE075CC91+33]\n\n", "trace": "  File \"C:\\Users\\Apaxuc\\PycharmProjects\\Diplom\\Diplom_3\\.venv\\Lib\\site-packages\\allure_commons\\_allure.py\", line 192, in impl\n    return func(*a, **kw)\n           ^^^^^^^^^^^^^^\n  File \"C:\\Users\\Apaxuc\\PycharmProjects\\Diplom\\Diplom_3\\pages\\base_page.py\", line 19, in click_element\n    WebDriverWait(self.driver, 10).until(ec.visibility_of_element_located(locator)).click()\n    ^^^^^^^^^^^^^^^^^^^^^^^^^^^^^^^^^^^^^^^^^^^^^^^^^^^^^^^^^^^^^^^^^^^^^^^^^^^^^^^\n  File \"C:\\Users\\Apaxuc\\PycharmProjects\\Diplom\\Diplom_3\\.venv\\Lib\\site-packages\\selenium\\webdriver\\support\\wait.py\", line 105, in until\n    raise TimeoutException(message, screen, stacktrace)\n"}, "parameters": [{"name": "locator", "value": "('xpath', \".//button[text()='Выход']\")"}], "start": 1719761299556, "stop": 1719761309687}], "parameters": [{"name": "driver", "value": "'chrome'"}], "start": 1719761299532, "stop": 1719761309687, "uuid": "8e546e3d-b0ab-4dcb-a177-990a86b375b1", "historyId": "090bc7cd658e3205771106c4e0ec5444", "testCaseId": "f2285d61a118b9a901750777547a90e4", "fullName": "tests.test_account.TestAccount#test_click_on_exit_url_logs_out_from_account", "labels": [{"name": "parentSuite", "value": "tests"}, {"name": "suite", "value": "test_account"}, {"name": "subSuite", "value": "TestAccount"}, {"name": "host", "value": "DESKTOP-4KK18J8"}, {"name": "thread", "value": "4392-MainThread"}, {"name": "framework", "value": "pytest"}, {"name": "language", "value": "cpython3"}, {"name": "package", "value": "tests.test_account"}]}