{"name": "Checking the transition to the \"Orders History\" ", "status": "broken", "statusDetails": {"message": "selenium.common.exceptions.TimeoutException: Message: \nStacktrace:\n\tGetHandleVerifier [0x00007FF6FC0CEEA2+31554]\n\t(No symbol) [0x00007FF6FC047ED9]\n\t(No symbol) [0x00007FF6FBF0872A]\n\t(No symbol) [0x00007FF6FBF58434]\n\t(No symbol) [0x00007FF6FBF5853C]\n\t(No symbol) [0x00007FF6FBF9F6A7]\n\t(No symbol) [0x00007FF6FBF7D06F]\n\t(No symbol) [0x00007FF6FBF9C977]\n\t(No symbol) [0x00007FF6FBF7CDD3]\n\t(No symbol) [0x00007FF6FBF4A33B]\n\t(No symbol) [0x00007FF6FBF4AED1]\n\tGetHandleVerifier [0x00007FF6FC3D8B1D+3217341]\n\tGetHandleVerifier [0x00007FF6FC425AE3+3532675]\n\tGetHandleVerifier [0x00007FF6FC41B0E0+3489152]\n\tGetHandleVerifier [0x00007FF6FC17E776+750614]\n\t(No symbol) [0x00007FF6FC05375F]\n\t(No symbol) [0x00007FF6FC04EB14]\n\t(No symbol) [0x00007FF6FC04ECA2]\n\t(No symbol) [0x00007FF6FC03E16F]\n\tBaseThreadInitThunk [0x00007FFFE0547344+20]\n\tRtlUserThreadStart [0x00007FFFE075CC91+33]", "trace": "self = <tests.test_account.TestAccount object at 0x000001EB4BC5CC10>, driver = <selenium.webdriver.chrome.webdriver.WebDriver (session=\"aeb35fd32013eede6e0b20639244932c\")>, create_user = 'qxuqnbjehe@ya.ru', sign_in = None\n\n    @allure.title('Checking the transition to the \"Orders History\" ')\n    @allure.description('Checks that clicking on the \"Orders History\" url in the Profile opens \"Orders History\".')\n    def test_click_on_order_history_url_opens_orders_history_page(self, driver, create_user, sign_in):\n        main_page = MainPage(driver)\n        main_page.click_element(Mpl.account_button_header)\n        profile_page = ProfilePage(driver)\n>       profile_page.click_element(Ppl.orders_history_url)\n\ntests\\test_account.py:29: \n_ _ _ _ _ _ _ _ _ _ _ _ _ _ _ _ _ _ _ _ _ _ _ _ _ _ _ _ _ _ _ _ _ _ _ _ _ _ _ _ _ _ _ _ _ _ _ _ _ _ _ _ _ _ _ _ _ _ _ _ _ _ _ _ _ _ _ _ _ _ _ _ _ _ _ _ _ _ _ _ _ _ _ _ _ _ _ _ _ _ _ _ _ _ _ _ _ _ _ _ _ _ _ _ _ _ _ _ _ _ _ _ _ _ _ _\npages\\base_page.py:19: in click_element\n    WebDriverWait(self.driver, 10).until(ec.visibility_of_element_located(locator)).click()\n_ _ _ _ _ _ _ _ _ _ _ _ _ _ _ _ _ _ _ _ _ _ _ _ _ _ _ _ _ _ _ _ _ _ _ _ _ _ _ _ _ _ _ _ _ _ _ _ _ _ _ _ _ _ _ _ _ _ _ _ _ _ _ _ _ _ _ _ _ _ _ _ _ _ _ _ _ _ _ _ _ _ _ _ _ _ _ _ _ _ _ _ _ _ _ _ _ _ _ _ _ _ _ _ _ _ _ _ _ _ _ _ _ _ _ _\n\nself = <selenium.webdriver.support.wait.WebDriverWait (session=\"aeb35fd32013eede6e0b20639244932c\")>, method = <function visibility_of_element_located.<locals>._predicate at 0x000001EB4BC4DDA0>, message = ''\n\n    def until(self, method: Callable[[D], Union[Literal[False], T]], message: str = \"\") -> T:\n        \"\"\"Calls the method provided with the driver as an argument until the \\\n        return value does not evaluate to ``False``.\n    \n        :param method: callable(WebDriver)\n        :param message: optional message for :exc:`TimeoutException`\n        :returns: the result of the last call to `method`\n        :raises: :exc:`selenium.common.exceptions.TimeoutException` if timeout occurs\n        \"\"\"\n        screen = None\n        stacktrace = None\n    \n        end_time = time.monotonic() + self._timeout\n        while True:\n            try:\n                value = method(self._driver)\n                if value:\n                    return value\n            except self._ignored_exceptions as exc:\n                screen = getattr(exc, \"screen\", None)\n                stacktrace = getattr(exc, \"stacktrace\", None)\n            time.sleep(self._poll)\n            if time.monotonic() > end_time:\n                break\n>       raise TimeoutException(message, screen, stacktrace)\nE       selenium.common.exceptions.TimeoutException: Message: \nE       Stacktrace:\nE       \tGetHandleVerifier [0x00007FF6FC0CEEA2+31554]\nE       \t(No symbol) [0x00007FF6FC047ED9]\nE       \t(No symbol) [0x00007FF6FBF0872A]\nE       \t(No symbol) [0x00007FF6FBF58434]\nE       \t(No symbol) [0x00007FF6FBF5853C]\nE       \t(No symbol) [0x00007FF6FBF9F6A7]\nE       \t(No symbol) [0x00007FF6FBF7D06F]\nE       \t(No symbol) [0x00007FF6FBF9C977]\nE       \t(No symbol) [0x00007FF6FBF7CDD3]\nE       \t(No symbol) [0x00007FF6FBF4A33B]\nE       \t(No symbol) [0x00007FF6FBF4AED1]\nE       \tGetHandleVerifier [0x00007FF6FC3D8B1D+3217341]\nE       \tGetHandleVerifier [0x00007FF6FC425AE3+3532675]\nE       \tGetHandleVerifier [0x00007FF6FC41B0E0+3489152]\nE       \tGetHandleVerifier [0x00007FF6FC17E776+750614]\nE       \t(No symbol) [0x00007FF6FC05375F]\nE       \t(No symbol) [0x00007FF6FC04EB14]\nE       \t(No symbol) [0x00007FF6FC04ECA2]\nE       \t(No symbol) [0x00007FF6FC03E16F]\nE       \tBaseThreadInitThunk [0x00007FFFE0547344+20]\nE       \tRtlUserThreadStart [0x00007FFFE075CC91+33]\n\n.venv\\Lib\\site-packages\\selenium\\webdriver\\support\\wait.py:105: TimeoutException"}, "description": "Checks that clicking on the \"Orders History\" url in the Profile opens \"Orders History\".", "steps": [{"name": "Clicking on the specified element", "status": "passed", "parameters": [{"name": "locator", "value": "('xpath', \".//a[@href='/account']\")"}], "start": 1719768502877, "stop": 1719768502903}, {"name": "Clicking on the specified element", "status": "broken", "statusDetails": {"message": "selenium.common.exceptions.TimeoutException: Message: \nStacktrace:\n\tGetHandleVerifier [0x00007FF6FC0CEEA2+31554]\n\t(No symbol) [0x00007FF6FC047ED9]\n\t(No symbol) [0x00007FF6FBF0872A]\n\t(No symbol) [0x00007FF6FBF58434]\n\t(No symbol) [0x00007FF6FBF5853C]\n\t(No symbol) [0x00007FF6FBF9F6A7]\n\t(No symbol) [0x00007FF6FBF7D06F]\n\t(No symbol) [0x00007FF6FBF9C977]\n\t(No symbol) [0x00007FF6FBF7CDD3]\n\t(No symbol) [0x00007FF6FBF4A33B]\n\t(No symbol) [0x00007FF6FBF4AED1]\n\tGetHandleVerifier [0x00007FF6FC3D8B1D+3217341]\n\tGetHandleVerifier [0x00007FF6FC425AE3+3532675]\n\tGetHandleVerifier [0x00007FF6FC41B0E0+3489152]\n\tGetHandleVerifier [0x00007FF6FC17E776+750614]\n\t(No symbol) [0x00007FF6FC05375F]\n\t(No symbol) [0x00007FF6FC04EB14]\n\t(No symbol) [0x00007FF6FC04ECA2]\n\t(No symbol) [0x00007FF6FC03E16F]\n\tBaseThreadInitThunk [0x00007FFFE0547344+20]\n\tRtlUserThreadStart [0x00007FFFE075CC91+33]\n\n", "trace": "  File \"C:\\Users\\Apaxuc\\PycharmProjects\\Diplom\\Diplom_3\\.venv\\Lib\\site-packages\\allure_commons\\_allure.py\", line 192, in impl\n    return func(*a, **kw)\n           ^^^^^^^^^^^^^^\n  File \"C:\\Users\\Apaxuc\\PycharmProjects\\Diplom\\Diplom_3\\pages\\base_page.py\", line 19, in click_element\n    WebDriverWait(self.driver, 10).until(ec.visibility_of_element_located(locator)).click()\n    ^^^^^^^^^^^^^^^^^^^^^^^^^^^^^^^^^^^^^^^^^^^^^^^^^^^^^^^^^^^^^^^^^^^^^^^^^^^^^^^\n  File \"C:\\Users\\Apaxuc\\PycharmProjects\\Diplom\\Diplom_3\\.venv\\Lib\\site-packages\\selenium\\webdriver\\support\\wait.py\", line 105, in until\n    raise TimeoutException(message, screen, stacktrace)\n"}, "parameters": [{"name": "locator", "value": "('xpath', \".//a[text()='История заказов']\")"}], "start": 1719768502903, "stop": 1719768513036}], "parameters": [{"name": "driver", "value": "'chrome'"}], "start": 1719768502877, "stop": 1719768513036, "uuid": "ee1dd2eb-f457-4e53-b0d5-12d2dba9b0a2", "historyId": "e549b9da9e1705c7d9124fe22c7791a1", "testCaseId": "31580d9798b0c1aa5f4d375d31e370c6", "fullName": "tests.test_account.TestAccount#test_click_on_order_history_url_opens_orders_history_page", "labels": [{"name": "parentSuite", "value": "tests"}, {"name": "suite", "value": "test_account"}, {"name": "subSuite", "value": "TestAccount"}, {"name": "host", "value": "DESKTOP-4KK18J8"}, {"name": "thread", "value": "7264-MainThread"}, {"name": "framework", "value": "pytest"}, {"name": "language", "value": "cpython3"}, {"name": "package", "value": "tests.test_account"}]}