{"name": "Checking displaying the order number on the \"In progress\" section", "status": "failed", "statusDetails": {"message": "AssertionError: Number of created order is not displayed in \"In progress\" section\nassert '089505' == '089506'\n  \n  - 089506\n  ?      ^\n  + 089505\n  ?      ^", "trace": "self = <tests.test_feed.TestFeed object at 0x000001AC395A9350>, driver = <selenium.webdriver.chrome.webdriver.WebDriver (session=\"86bc8631116290f7ca42a9971eb3c70b\")>, create_user = 'lgkfbqrlsw@ya.ru', sign_in = None\ncreate_new_order_and_get_its_number = '89505'\n\n    @allure.title('Checking displaying the order number on the \"In progress\" section')\n    @allure.description('Checks that after placing an order its number is displayed on the \"In progress\" section')\n    def test_order_number_displayed_in_progress_section(self, driver, create_user, sign_in,\n                                                        create_new_order_and_get_its_number):\n        order_number = create_new_order_and_get_its_number\n        main_page = MainPage(driver)\n        main_page.click_element(Mpl.feed_button_header)\n        feed_page = FeedPage(driver)\n        feed_page.check_if_order_number_is_shown_in_progress()\n        order_number_in_progress = feed_page.get_text_element(Fpl.in_progress_number)\n>       assert f'0{order_number}' == order_number_in_progress, \\\n            'Number of created order is not displayed in \"In progress\" section'\nE       AssertionError: Number of created order is not displayed in \"In progress\" section\nE       assert '089505' == '089506'\nE         \nE         - 089506\nE         ?      ^\nE         + 089505\nE         ?      ^\n\ntests\\test_feed.py:69: AssertionError"}, "description": "Checks that after placing an order its number is displayed on the \"In progress\" section", "steps": [{"name": "Clicking on the specified element", "status": "passed", "parameters": [{"name": "locator", "value": "('xpath', \".//a[@href='/feed']\")"}], "start": 1719761374622, "stop": 1719761374899}, {"name": "Checking that line \"All orders are ready\" in \"In progress\" section has changed to current order number", "status": "passed", "steps": [{"name": "Checking that in certain element its text has changed", "status": "passed", "parameters": [{"name": "locator", "value": "('xpath', \".//ul[@class='OrderFeed_orderListReady__1YFem OrderFeed_orderList__cBvyi']/li\")"}, {"name": "text", "value": "'0'"}], "start": 1719761374899, "stop": 1719761376439}], "start": 1719761374899, "stop": 1719761376439}, {"name": "Returning text of the specified element", "status": "passed", "parameters": [{"name": "locator", "value": "('xpath', \".//ul[@class='OrderFeed_orderListReady__1YFem OrderFeed_orderList__cBvyi']/li\")"}], "start": 1719761376439, "stop": 1719761376449}], "parameters": [{"name": "driver", "value": "'chrome'"}], "start": 1719761374621, "stop": 1719761376450, "uuid": "e343830b-d415-48ad-b47e-5ad54f199639", "historyId": "5453b34a6537465d40e0c06650ccaf54", "testCaseId": "2ae977220c24b0623ad0320ae4a969f7", "fullName": "tests.test_feed.TestFeed#test_order_number_displayed_in_progress_section", "labels": [{"name": "parentSuite", "value": "tests"}, {"name": "suite", "value": "test_feed"}, {"name": "subSuite", "value": "TestFeed"}, {"name": "host", "value": "DESKTOP-4KK18J8"}, {"name": "thread", "value": "4392-MainThread"}, {"name": "framework", "value": "pytest"}, {"name": "language", "value": "cpython3"}, {"name": "package", "value": "tests.test_feed"}]}